<?xml version="1.0" encoding="UTF-8"?>
<!-- Generated by org.testng.reporters.JUnitReportReporter -->
<testsuite hostname="LAPTOP-4SOUBLRA" failures="0" tests="1" name="test.com.GoogleSearchTest" time="4.548" errors="0" timestamp="20 Jan 2024 17:19:14 GMT">
  <testcase classname="test.com.GoogleSearchTest" name="testFacebook" time="4.548"/>
</testsuite> <!-- test.com.GoogleSearchTest -->
